2020-01-06 11:58:34 DEBUG AnnotationConfigApplicationContext:594 - Refreshing org.springframework.context.annotation.AnnotationConfigApplicationContext@726f3b58
2020-01-06 11:58:34 DEBUG DefaultListableBeanFactory:213 - Creating shared instance of singleton bean 'org.springframework.context.annotation.internalConfigurationAnnotationProcessor'
2020-01-06 11:58:34 DEBUG ClassPathBeanDefinitionScanner:437 - Identified candidate component class: file [C:\Users\admin\IdeaProjects\springcomponentscan_sent\target\classes\com\mycompany\app\Canvas.class]
2020-01-06 11:58:34 DEBUG ClassPathBeanDefinitionScanner:437 - Identified candidate component class: file [C:\Users\admin\IdeaProjects\springcomponentscan_sent\target\classes\com\mycompany\app\Circle.class]
2020-01-06 11:58:34 DEBUG DefaultListableBeanFactory:213 - Creating shared instance of singleton bean 'org.springframework.context.event.internalEventListenerProcessor'
2020-01-06 11:58:34 DEBUG DefaultListableBeanFactory:213 - Creating shared instance of singleton bean 'org.springframework.context.event.internalEventListenerFactory'
2020-01-06 11:58:34 DEBUG DefaultListableBeanFactory:213 - Creating shared instance of singleton bean 'org.springframework.context.annotation.internalAutowiredAnnotationProcessor'
2020-01-06 11:58:34 DEBUG DefaultListableBeanFactory:213 - Creating shared instance of singleton bean 'org.springframework.context.annotation.internalCommonAnnotationProcessor'
2020-01-06 11:58:34 DEBUG DefaultListableBeanFactory:213 - Creating shared instance of singleton bean 'javaConfig'
2020-01-06 11:58:35 DEBUG DefaultListableBeanFactory:213 - Creating shared instance of singleton bean 'canvas'
2020-01-06 11:58:35 DEBUG DefaultListableBeanFactory:213 - Creating shared instance of singleton bean 'circle'
2020-01-06 11:58:35 DEBUG DefaultListableBeanFactory:777 - Autowiring by type from bean name 'canvas' via constructor to bean named 'circle'
2020-01-06 12:18:08 DEBUG AnnotationConfigApplicationContext:594 - Refreshing org.springframework.context.annotation.AnnotationConfigApplicationContext@726f3b58
2020-01-06 12:18:08 DEBUG DefaultListableBeanFactory:213 - Creating shared instance of singleton bean 'org.springframework.context.annotation.internalConfigurationAnnotationProcessor'
2020-01-06 12:18:08 DEBUG ClassPathBeanDefinitionScanner:437 - Identified candidate component class: file [C:\Users\admin\IdeaProjects\springcomponentscan_sent\target\classes\com\mycompany\app\Circle.class]
2020-01-06 12:18:08 DEBUG DefaultListableBeanFactory:213 - Creating shared instance of singleton bean 'org.springframework.context.event.internalEventListenerProcessor'
2020-01-06 12:18:08 DEBUG DefaultListableBeanFactory:213 - Creating shared instance of singleton bean 'org.springframework.context.event.internalEventListenerFactory'
2020-01-06 12:18:08 DEBUG DefaultListableBeanFactory:213 - Creating shared instance of singleton bean 'org.springframework.context.annotation.internalAutowiredAnnotationProcessor'
2020-01-06 12:18:08 DEBUG DefaultListableBeanFactory:213 - Creating shared instance of singleton bean 'org.springframework.context.annotation.internalCommonAnnotationProcessor'
2020-01-06 12:18:08 DEBUG DefaultListableBeanFactory:213 - Creating shared instance of singleton bean 'javaConfig'
2020-01-06 12:18:08 DEBUG DefaultListableBeanFactory:213 - Creating shared instance of singleton bean 'circle'
2020-01-06 12:19:37 DEBUG AnnotationConfigApplicationContext:594 - Refreshing org.springframework.context.annotation.AnnotationConfigApplicationContext@726f3b58
2020-01-06 12:19:37 DEBUG DefaultListableBeanFactory:213 - Creating shared instance of singleton bean 'org.springframework.context.annotation.internalConfigurationAnnotationProcessor'
2020-01-06 12:19:37 DEBUG ClassPathBeanDefinitionScanner:437 - Identified candidate component class: file [C:\Users\admin\IdeaProjects\springcomponentscan_sent\target\classes\com\mycompany\app\Circle.class]
2020-01-06 12:19:37 DEBUG DefaultListableBeanFactory:909 - Overriding bean definition for bean 'circle' with a different definition: replacing [Generic bean: class [com.mycompany.app.Circle]; scope=singleton; abstract=false; lazyInit=false; autowireMode=0; dependencyCheck=0; autowireCandidate=true; primary=false; factoryBeanName=null; factoryMethodName=null; initMethodName=null; destroyMethodName=null; defined in file [C:\Users\admin\IdeaProjects\springcomponentscan_sent\target\classes\com\mycompany\app\Circle.class]] with [Root bean: class [null]; scope=; abstract=false; lazyInit=false; autowireMode=3; dependencyCheck=0; autowireCandidate=true; primary=false; factoryBeanName=javaConfig; factoryMethodName=circle; initMethodName=null; destroyMethodName=(inferred); defined in com.mycompany.app.JavaConfig]
2020-01-06 12:19:37 DEBUG DefaultListableBeanFactory:213 - Creating shared instance of singleton bean 'org.springframework.context.event.internalEventListenerProcessor'
2020-01-06 12:19:37 DEBUG DefaultListableBeanFactory:213 - Creating shared instance of singleton bean 'org.springframework.context.event.internalEventListenerFactory'
2020-01-06 12:19:37 DEBUG DefaultListableBeanFactory:213 - Creating shared instance of singleton bean 'org.springframework.context.annotation.internalAutowiredAnnotationProcessor'
2020-01-06 12:19:37 DEBUG DefaultListableBeanFactory:213 - Creating shared instance of singleton bean 'org.springframework.context.annotation.internalCommonAnnotationProcessor'
2020-01-06 12:19:37 DEBUG DefaultListableBeanFactory:213 - Creating shared instance of singleton bean 'javaConfig'
2020-01-06 12:19:37 DEBUG DefaultListableBeanFactory:213 - Creating shared instance of singleton bean 'circle'
2020-01-06 12:20:00 DEBUG AnnotationConfigApplicationContext:594 - Refreshing org.springframework.context.annotation.AnnotationConfigApplicationContext@726f3b58
2020-01-06 12:20:00 DEBUG DefaultListableBeanFactory:213 - Creating shared instance of singleton bean 'org.springframework.context.annotation.internalConfigurationAnnotationProcessor'
2020-01-06 12:20:00 DEBUG ClassPathBeanDefinitionScanner:437 - Identified candidate component class: file [C:\Users\admin\IdeaProjects\springcomponentscan_sent\target\classes\com\mycompany\app\Circle.class]
2020-01-06 12:20:00 DEBUG DefaultListableBeanFactory:909 - Overriding bean definition for bean 'circle' with a different definition: replacing [Generic bean: class [com.mycompany.app.Circle]; scope=singleton; abstract=false; lazyInit=false; autowireMode=0; dependencyCheck=0; autowireCandidate=true; primary=false; factoryBeanName=null; factoryMethodName=null; initMethodName=null; destroyMethodName=null; defined in file [C:\Users\admin\IdeaProjects\springcomponentscan_sent\target\classes\com\mycompany\app\Circle.class]] with [Root bean: class [null]; scope=; abstract=false; lazyInit=false; autowireMode=3; dependencyCheck=0; autowireCandidate=true; primary=false; factoryBeanName=javaConfig; factoryMethodName=circle; initMethodName=null; destroyMethodName=(inferred); defined in com.mycompany.app.JavaConfig]
2020-01-06 12:20:00 DEBUG DefaultListableBeanFactory:213 - Creating shared instance of singleton bean 'org.springframework.context.event.internalEventListenerProcessor'
2020-01-06 12:20:00 DEBUG DefaultListableBeanFactory:213 - Creating shared instance of singleton bean 'org.springframework.context.event.internalEventListenerFactory'
2020-01-06 12:20:00 DEBUG DefaultListableBeanFactory:213 - Creating shared instance of singleton bean 'org.springframework.context.annotation.internalAutowiredAnnotationProcessor'
2020-01-06 12:20:00 DEBUG DefaultListableBeanFactory:213 - Creating shared instance of singleton bean 'org.springframework.context.annotation.internalCommonAnnotationProcessor'
2020-01-06 12:20:00 DEBUG DefaultListableBeanFactory:213 - Creating shared instance of singleton bean 'javaConfig'
2020-01-06 12:20:00 DEBUG DefaultListableBeanFactory:213 - Creating shared instance of singleton bean 'circle'
2020-01-06 12:20:18 DEBUG AnnotationConfigApplicationContext:594 - Refreshing org.springframework.context.annotation.AnnotationConfigApplicationContext@726f3b58
2020-01-06 12:20:18 DEBUG DefaultListableBeanFactory:213 - Creating shared instance of singleton bean 'org.springframework.context.annotation.internalConfigurationAnnotationProcessor'
2020-01-06 12:20:18 DEBUG ClassPathBeanDefinitionScanner:437 - Identified candidate component class: file [C:\Users\admin\IdeaProjects\springcomponentscan_sent\target\classes\com\mycompany\app\Circle.class]
2020-01-06 12:20:18 DEBUG DefaultListableBeanFactory:909 - Overriding bean definition for bean 'circle' with a different definition: replacing [Generic bean: class [com.mycompany.app.Circle]; scope=singleton; abstract=false; lazyInit=false; autowireMode=0; dependencyCheck=0; autowireCandidate=true; primary=false; factoryBeanName=null; factoryMethodName=null; initMethodName=null; destroyMethodName=null; defined in file [C:\Users\admin\IdeaProjects\springcomponentscan_sent\target\classes\com\mycompany\app\Circle.class]] with [Root bean: class [null]; scope=; abstract=false; lazyInit=false; autowireMode=3; dependencyCheck=0; autowireCandidate=true; primary=false; factoryBeanName=javaConfig; factoryMethodName=circle; initMethodName=null; destroyMethodName=(inferred); defined in com.mycompany.app.JavaConfig]
2020-01-06 12:20:18 DEBUG DefaultListableBeanFactory:213 - Creating shared instance of singleton bean 'org.springframework.context.event.internalEventListenerProcessor'
2020-01-06 12:20:18 DEBUG DefaultListableBeanFactory:213 - Creating shared instance of singleton bean 'org.springframework.context.event.internalEventListenerFactory'
2020-01-06 12:20:18 DEBUG DefaultListableBeanFactory:213 - Creating shared instance of singleton bean 'org.springframework.context.annotation.internalAutowiredAnnotationProcessor'
2020-01-06 12:20:18 DEBUG DefaultListableBeanFactory:213 - Creating shared instance of singleton bean 'org.springframework.context.annotation.internalCommonAnnotationProcessor'
2020-01-06 12:20:18 DEBUG DefaultListableBeanFactory:213 - Creating shared instance of singleton bean 'javaConfig'
2020-01-06 12:20:18 DEBUG DefaultListableBeanFactory:213 - Creating shared instance of singleton bean 'circle'
2020-01-06 12:20:31 DEBUG AnnotationConfigApplicationContext:594 - Refreshing org.springframework.context.annotation.AnnotationConfigApplicationContext@726f3b58
2020-01-06 12:20:31 DEBUG DefaultListableBeanFactory:213 - Creating shared instance of singleton bean 'org.springframework.context.annotation.internalConfigurationAnnotationProcessor'
2020-01-06 12:20:31 DEBUG ClassPathBeanDefinitionScanner:437 - Identified candidate component class: file [C:\Users\admin\IdeaProjects\springcomponentscan_sent\target\classes\com\mycompany\app\Circle.class]
2020-01-06 12:20:31 DEBUG DefaultListableBeanFactory:909 - Overriding bean definition for bean 'circle' with a different definition: replacing [Generic bean: class [com.mycompany.app.Circle]; scope=singleton; abstract=false; lazyInit=false; autowireMode=0; dependencyCheck=0; autowireCandidate=true; primary=false; factoryBeanName=null; factoryMethodName=null; initMethodName=null; destroyMethodName=null; defined in file [C:\Users\admin\IdeaProjects\springcomponentscan_sent\target\classes\com\mycompany\app\Circle.class]] with [Root bean: class [null]; scope=; abstract=false; lazyInit=false; autowireMode=3; dependencyCheck=0; autowireCandidate=true; primary=false; factoryBeanName=javaConfig; factoryMethodName=circle; initMethodName=null; destroyMethodName=(inferred); defined in com.mycompany.app.JavaConfig]
2020-01-06 12:20:31 DEBUG DefaultListableBeanFactory:213 - Creating shared instance of singleton bean 'org.springframework.context.event.internalEventListenerProcessor'
2020-01-06 12:20:31 DEBUG DefaultListableBeanFactory:213 - Creating shared instance of singleton bean 'org.springframework.context.event.internalEventListenerFactory'
2020-01-06 12:20:31 DEBUG DefaultListableBeanFactory:213 - Creating shared instance of singleton bean 'org.springframework.context.annotation.internalAutowiredAnnotationProcessor'
2020-01-06 12:20:31 DEBUG DefaultListableBeanFactory:213 - Creating shared instance of singleton bean 'org.springframework.context.annotation.internalCommonAnnotationProcessor'
2020-01-06 12:20:31 DEBUG DefaultListableBeanFactory:213 - Creating shared instance of singleton bean 'javaConfig'
2020-01-06 12:20:31 DEBUG DefaultListableBeanFactory:213 - Creating shared instance of singleton bean 'circle'
2020-01-06 12:21:14 DEBUG AnnotationConfigApplicationContext:594 - Refreshing org.springframework.context.annotation.AnnotationConfigApplicationContext@726f3b58
2020-01-06 12:21:14 DEBUG DefaultListableBeanFactory:213 - Creating shared instance of singleton bean 'org.springframework.context.annotation.internalConfigurationAnnotationProcessor'
2020-01-06 12:21:14 DEBUG ClassPathBeanDefinitionScanner:437 - Identified candidate component class: file [C:\Users\admin\IdeaProjects\springcomponentscan_sent\target\classes\com\mycompany\app\Canvas.class]
2020-01-06 12:21:14 DEBUG DefaultListableBeanFactory:213 - Creating shared instance of singleton bean 'org.springframework.context.event.internalEventListenerProcessor'
2020-01-06 12:21:14 DEBUG DefaultListableBeanFactory:213 - Creating shared instance of singleton bean 'org.springframework.context.event.internalEventListenerFactory'
2020-01-06 12:21:14 DEBUG DefaultListableBeanFactory:213 - Creating shared instance of singleton bean 'org.springframework.context.annotation.internalAutowiredAnnotationProcessor'
2020-01-06 12:21:14 DEBUG DefaultListableBeanFactory:213 - Creating shared instance of singleton bean 'org.springframework.context.annotation.internalCommonAnnotationProcessor'
2020-01-06 12:21:14 DEBUG DefaultListableBeanFactory:213 - Creating shared instance of singleton bean 'javaConfig'
2020-01-06 12:21:14 DEBUG DefaultListableBeanFactory:213 - Creating shared instance of singleton bean 'canvas'
2020-01-06 12:21:14 DEBUG DefaultListableBeanFactory:213 - Creating shared instance of singleton bean 'circle'
2020-01-06 12:21:14 DEBUG DefaultListableBeanFactory:777 - Autowiring by type from bean name 'canvas' via constructor to bean named 'circle'
2020-01-06 12:34:55 DEBUG AnnotationConfigApplicationContext:594 - Refreshing org.springframework.context.annotation.AnnotationConfigApplicationContext@726f3b58
2020-01-06 12:34:55 DEBUG DefaultListableBeanFactory:213 - Creating shared instance of singleton bean 'org.springframework.context.annotation.internalConfigurationAnnotationProcessor'
2020-01-06 12:34:55 DEBUG ClassPathBeanDefinitionScanner:437 - Identified candidate component class: file [C:\Users\admin\IdeaProjects\springcomponentscan_sent\target\classes\com\mycompany\app\Canvas.class]
2020-01-06 12:34:55 DEBUG DefaultListableBeanFactory:213 - Creating shared instance of singleton bean 'org.springframework.context.event.internalEventListenerProcessor'
2020-01-06 12:34:55 DEBUG DefaultListableBeanFactory:213 - Creating shared instance of singleton bean 'org.springframework.context.event.internalEventListenerFactory'
2020-01-06 12:34:55 DEBUG DefaultListableBeanFactory:213 - Creating shared instance of singleton bean 'org.springframework.context.annotation.internalAutowiredAnnotationProcessor'
2020-01-06 12:34:55 DEBUG DefaultListableBeanFactory:213 - Creating shared instance of singleton bean 'org.springframework.context.annotation.internalCommonAnnotationProcessor'
2020-01-06 12:34:55 DEBUG DefaultListableBeanFactory:213 - Creating shared instance of singleton bean 'javaConfig'
2020-01-06 12:34:55 DEBUG DefaultListableBeanFactory:213 - Creating shared instance of singleton bean 'canvas'
2020-01-06 12:34:55 DEBUG DefaultListableBeanFactory:213 - Creating shared instance of singleton bean 'circle'
2020-01-06 12:34:55 DEBUG DefaultListableBeanFactory:777 - Autowiring by type from bean name 'canvas' via constructor to bean named 'circle'
2020-01-06 12:35:46 DEBUG AnnotationConfigApplicationContext:594 - Refreshing org.springframework.context.annotation.AnnotationConfigApplicationContext@726f3b58
2020-01-06 12:35:46 DEBUG DefaultListableBeanFactory:213 - Creating shared instance of singleton bean 'org.springframework.context.annotation.internalConfigurationAnnotationProcessor'
2020-01-06 12:35:46 DEBUG ClassPathBeanDefinitionScanner:437 - Identified candidate component class: file [C:\Users\admin\IdeaProjects\springcomponentscan_sent\target\classes\com\mycompany\app\Canvas.class]
2020-01-06 12:35:46 DEBUG DefaultListableBeanFactory:213 - Creating shared instance of singleton bean 'org.springframework.context.event.internalEventListenerProcessor'
2020-01-06 12:35:46 DEBUG DefaultListableBeanFactory:213 - Creating shared instance of singleton bean 'org.springframework.context.event.internalEventListenerFactory'
2020-01-06 12:35:46 DEBUG DefaultListableBeanFactory:213 - Creating shared instance of singleton bean 'org.springframework.context.annotation.internalAutowiredAnnotationProcessor'
2020-01-06 12:35:46 DEBUG DefaultListableBeanFactory:213 - Creating shared instance of singleton bean 'org.springframework.context.annotation.internalCommonAnnotationProcessor'
2020-01-06 12:35:46 DEBUG DefaultListableBeanFactory:213 - Creating shared instance of singleton bean 'javaConfig'
2020-01-06 12:35:46 DEBUG DefaultListableBeanFactory:213 - Creating shared instance of singleton bean 'canvas'
2020-01-06 12:35:46 DEBUG DefaultListableBeanFactory:213 - Creating shared instance of singleton bean 'circle'
2020-01-06 12:35:46 DEBUG DefaultListableBeanFactory:777 - Autowiring by type from bean name 'canvas' via constructor to bean named 'circle'
2020-01-06 12:46:53 DEBUG AnnotationConfigApplicationContext:594 - Refreshing org.springframework.context.annotation.AnnotationConfigApplicationContext@726f3b58
2020-01-06 12:46:53 DEBUG DefaultListableBeanFactory:213 - Creating shared instance of singleton bean 'org.springframework.context.annotation.internalConfigurationAnnotationProcessor'
2020-01-06 12:46:53 DEBUG ClassPathBeanDefinitionScanner:437 - Identified candidate component class: file [C:\Users\admin\IdeaProjects\springcomponentscan_sent\target\classes\com\mycompany\app\Canvas.class]
2020-01-06 12:46:53 DEBUG DefaultListableBeanFactory:213 - Creating shared instance of singleton bean 'org.springframework.context.event.internalEventListenerProcessor'
2020-01-06 12:46:54 DEBUG DefaultListableBeanFactory:213 - Creating shared instance of singleton bean 'org.springframework.context.event.internalEventListenerFactory'
2020-01-06 12:46:54 DEBUG DefaultListableBeanFactory:213 - Creating shared instance of singleton bean 'org.springframework.context.annotation.internalAutowiredAnnotationProcessor'
2020-01-06 12:46:54 DEBUG DefaultListableBeanFactory:213 - Creating shared instance of singleton bean 'org.springframework.context.annotation.internalCommonAnnotationProcessor'
2020-01-06 12:46:54 DEBUG DefaultListableBeanFactory:213 - Creating shared instance of singleton bean 'javaConfig'
2020-01-06 12:46:54 DEBUG DefaultListableBeanFactory:213 - Creating shared instance of singleton bean 'canvas'
2020-01-06 12:46:54 DEBUG DefaultListableBeanFactory:213 - Creating shared instance of singleton bean 'circle'
2020-01-06 12:46:54 DEBUG DefaultListableBeanFactory:777 - Autowiring by type from bean name 'canvas' via constructor to bean named 'circle'
2020-01-06 12:46:54 DEBUG AnnotationConfigApplicationContext:1002 - Closing org.springframework.context.annotation.AnnotationConfigApplicationContext@726f3b58, started on Mon Jan 06 12:46:53 IST 2020
2020-01-06 12:54:06 DEBUG AnnotationConfigApplicationContext:594 - Refreshing org.springframework.context.annotation.AnnotationConfigApplicationContext@726f3b58
2020-01-06 12:54:06 DEBUG DefaultListableBeanFactory:213 - Creating shared instance of singleton bean 'org.springframework.context.annotation.internalConfigurationAnnotationProcessor'
2020-01-06 12:54:06 DEBUG ClassPathBeanDefinitionScanner:437 - Identified candidate component class: file [C:\Users\admin\IdeaProjects\springcomponentscan_sent\target\classes\com\mycompany\app\Canvas.class]
2020-01-06 12:54:07 DEBUG DefaultListableBeanFactory:213 - Creating shared instance of singleton bean 'org.springframework.context.event.internalEventListenerProcessor'
2020-01-06 12:54:07 DEBUG DefaultListableBeanFactory:213 - Creating shared instance of singleton bean 'org.springframework.context.event.internalEventListenerFactory'
2020-01-06 12:54:07 DEBUG DefaultListableBeanFactory:213 - Creating shared instance of singleton bean 'org.springframework.context.annotation.internalAutowiredAnnotationProcessor'
2020-01-06 12:54:07 DEBUG DefaultListableBeanFactory:213 - Creating shared instance of singleton bean 'org.springframework.context.annotation.internalCommonAnnotationProcessor'
2020-01-06 12:54:07 DEBUG DefaultListableBeanFactory:213 - Creating shared instance of singleton bean 'javaConfig'
2020-01-06 12:54:07 DEBUG DefaultListableBeanFactory:213 - Creating shared instance of singleton bean 'canvas'
2020-01-06 12:54:07 DEBUG DefaultListableBeanFactory:213 - Creating shared instance of singleton bean 'circle'
2020-01-06 12:54:07 DEBUG DefaultListableBeanFactory:777 - Autowiring by type from bean name 'canvas' via constructor to bean named 'circle'
2020-01-06 12:54:07 DEBUG AnnotationConfigApplicationContext:1002 - Closing org.springframework.context.annotation.AnnotationConfigApplicationContext@726f3b58, started on Mon Jan 06 12:54:06 IST 2020
2020-01-06 12:55:48 DEBUG AnnotationConfigApplicationContext:594 - Refreshing org.springframework.context.annotation.AnnotationConfigApplicationContext@726f3b58
2020-01-06 12:55:48 DEBUG DefaultListableBeanFactory:213 - Creating shared instance of singleton bean 'org.springframework.context.annotation.internalConfigurationAnnotationProcessor'
2020-01-06 12:55:48 DEBUG ClassPathBeanDefinitionScanner:437 - Identified candidate component class: file [C:\Users\admin\IdeaProjects\springcomponentscan_sent\target\classes\com\mycompany\app\Canvas.class]
2020-01-06 12:55:48 DEBUG DefaultListableBeanFactory:213 - Creating shared instance of singleton bean 'org.springframework.context.event.internalEventListenerProcessor'
2020-01-06 12:55:48 DEBUG DefaultListableBeanFactory:213 - Creating shared instance of singleton bean 'org.springframework.context.event.internalEventListenerFactory'
2020-01-06 12:55:48 DEBUG DefaultListableBeanFactory:213 - Creating shared instance of singleton bean 'org.springframework.context.annotation.internalAutowiredAnnotationProcessor'
2020-01-06 12:55:48 DEBUG DefaultListableBeanFactory:213 - Creating shared instance of singleton bean 'org.springframework.context.annotation.internalCommonAnnotationProcessor'
2020-01-06 12:55:48 DEBUG DefaultListableBeanFactory:213 - Creating shared instance of singleton bean 'javaConfig'
2020-01-06 12:55:48 DEBUG DefaultListableBeanFactory:213 - Creating shared instance of singleton bean 'canvas'
2020-01-06 12:55:48 DEBUG DefaultListableBeanFactory:213 - Creating shared instance of singleton bean 'circle'
2020-01-06 12:55:48 DEBUG DefaultListableBeanFactory:777 - Autowiring by type from bean name 'canvas' via constructor to bean named 'circle'
2020-01-06 12:55:48 DEBUG AnnotationConfigApplicationContext:1002 - Closing org.springframework.context.annotation.AnnotationConfigApplicationContext@726f3b58, started on Mon Jan 06 12:55:48 IST 2020
2020-01-06 12:56:50 DEBUG AnnotationConfigApplicationContext:594 - Refreshing org.springframework.context.annotation.AnnotationConfigApplicationContext@726f3b58
2020-01-06 12:56:50 DEBUG DefaultListableBeanFactory:213 - Creating shared instance of singleton bean 'org.springframework.context.annotation.internalConfigurationAnnotationProcessor'
2020-01-06 12:56:50 DEBUG ClassPathBeanDefinitionScanner:437 - Identified candidate component class: file [C:\Users\admin\IdeaProjects\springcomponentscan_sent\target\classes\com\mycompany\app\Canvas.class]
2020-01-06 12:56:50 DEBUG DefaultListableBeanFactory:213 - Creating shared instance of singleton bean 'org.springframework.context.event.internalEventListenerProcessor'
2020-01-06 12:56:50 DEBUG DefaultListableBeanFactory:213 - Creating shared instance of singleton bean 'org.springframework.context.event.internalEventListenerFactory'
2020-01-06 12:56:50 DEBUG DefaultListableBeanFactory:213 - Creating shared instance of singleton bean 'org.springframework.context.annotation.internalAutowiredAnnotationProcessor'
2020-01-06 12:56:50 DEBUG DefaultListableBeanFactory:213 - Creating shared instance of singleton bean 'org.springframework.context.annotation.internalCommonAnnotationProcessor'
2020-01-06 12:56:50 DEBUG DefaultListableBeanFactory:213 - Creating shared instance of singleton bean 'javaConfig'
2020-01-06 12:56:50 DEBUG DefaultListableBeanFactory:213 - Creating shared instance of singleton bean 'canvas'
2020-01-06 12:56:50 DEBUG DefaultListableBeanFactory:213 - Creating shared instance of singleton bean 'circle'
2020-01-06 12:56:50 DEBUG DefaultListableBeanFactory:777 - Autowiring by type from bean name 'canvas' via constructor to bean named 'circle'
2020-01-06 12:56:50 DEBUG AnnotationConfigApplicationContext:1002 - Closing org.springframework.context.annotation.AnnotationConfigApplicationContext@726f3b58, started on Mon Jan 06 12:56:50 IST 2020
2020-01-06 12:58:07 DEBUG AnnotationConfigApplicationContext:594 - Refreshing org.springframework.context.annotation.AnnotationConfigApplicationContext@726f3b58
2020-01-06 12:58:07 DEBUG DefaultListableBeanFactory:213 - Creating shared instance of singleton bean 'org.springframework.context.annotation.internalConfigurationAnnotationProcessor'
2020-01-06 12:58:07 DEBUG ClassPathBeanDefinitionScanner:437 - Identified candidate component class: file [C:\Users\admin\IdeaProjects\springcomponentscan_sent\target\classes\com\mycompany\app\Canvas.class]
2020-01-06 12:58:07 DEBUG DefaultListableBeanFactory:213 - Creating shared instance of singleton bean 'org.springframework.context.event.internalEventListenerProcessor'
2020-01-06 12:58:07 DEBUG DefaultListableBeanFactory:213 - Creating shared instance of singleton bean 'org.springframework.context.event.internalEventListenerFactory'
2020-01-06 12:58:07 DEBUG DefaultListableBeanFactory:213 - Creating shared instance of singleton bean 'org.springframework.context.annotation.internalAutowiredAnnotationProcessor'
2020-01-06 12:58:07 DEBUG DefaultListableBeanFactory:213 - Creating shared instance of singleton bean 'org.springframework.context.annotation.internalCommonAnnotationProcessor'
2020-01-06 12:58:07 DEBUG DefaultListableBeanFactory:213 - Creating shared instance of singleton bean 'javaConfig'
2020-01-06 12:58:07 DEBUG DefaultListableBeanFactory:213 - Creating shared instance of singleton bean 'canvas'
2020-01-06 12:58:07 DEBUG DefaultListableBeanFactory:213 - Creating shared instance of singleton bean 'circle'
2020-01-06 12:58:07 DEBUG DefaultListableBeanFactory:777 - Autowiring by type from bean name 'canvas' via constructor to bean named 'circle'
2020-01-06 12:58:07 DEBUG AnnotationConfigApplicationContext:1002 - Closing org.springframework.context.annotation.AnnotationConfigApplicationContext@726f3b58, started on Mon Jan 06 12:58:07 IST 2020
2020-01-06 13:01:10 DEBUG AnnotationConfigApplicationContext:594 - Refreshing org.springframework.context.annotation.AnnotationConfigApplicationContext@726f3b58
2020-01-06 13:01:10 DEBUG DefaultListableBeanFactory:213 - Creating shared instance of singleton bean 'org.springframework.context.annotation.internalConfigurationAnnotationProcessor'
2020-01-06 13:01:10 DEBUG ClassPathBeanDefinitionScanner:437 - Identified candidate component class: file [C:\Users\admin\IdeaProjects\springcomponentscan_sent\target\classes\com\mycompany\app\Canvas.class]
2020-01-06 13:01:10 DEBUG DefaultListableBeanFactory:213 - Creating shared instance of singleton bean 'org.springframework.context.event.internalEventListenerProcessor'
2020-01-06 13:01:10 DEBUG DefaultListableBeanFactory:213 - Creating shared instance of singleton bean 'org.springframework.context.event.internalEventListenerFactory'
2020-01-06 13:01:10 DEBUG DefaultListableBeanFactory:213 - Creating shared instance of singleton bean 'org.springframework.context.annotation.internalAutowiredAnnotationProcessor'
2020-01-06 13:01:10 DEBUG DefaultListableBeanFactory:213 - Creating shared instance of singleton bean 'org.springframework.context.annotation.internalCommonAnnotationProcessor'
2020-01-06 13:01:10 DEBUG DefaultListableBeanFactory:213 - Creating shared instance of singleton bean 'javaConfig'
2020-01-06 13:01:10 DEBUG DefaultListableBeanFactory:213 - Creating shared instance of singleton bean 'canvas'
2020-01-06 13:01:10 DEBUG DefaultListableBeanFactory:777 - Autowiring by type from bean name 'canvas' via constructor to bean named 'circle'
2020-01-06 13:01:10 DEBUG AnnotationConfigApplicationContext:1002 - Closing org.springframework.context.annotation.AnnotationConfigApplicationContext@726f3b58, started on Mon Jan 06 13:01:10 IST 2020
